

HI-TECH Software 8051 Macro Assembler V9.60                                Page 1
                                                       Wed Apr 27 18:30:27 2022

     1                           	psect	idata,class=DATA,space=1,limit=080h
     2                           	psect	irdata,class=DATA,limit=080h
     3                           	global	_main
     4                           	signat	_main,88
     5                           	global	stack_internal
     6                           	psect	text,class=CODE
     7                           	psect	text
     8                           	file	"C:\Users\79041\Desktop\39D44~1\39D44~1\pr
                                 oject1\main.c"
     9                           	line	3
    10  0000'                    _main:
    11  0000' 02 00B1'           	j	f1411
    12  0003'                    f1410:
    13                           ;main.c: 2: void main()
    14                           
    15                           ;main.c: 3: {
    16                           
    17                           ;	var   _i assigned to ?a_main+0
    18                           ;	var   _str assigned to ?a_main+2
    19                           ;main.c: 4: unsigned int i;
    20                           
    21                           ;main.c: 5: unsigned char *str="Hello!";
    22                           
    23                           	line	5
    24  0003' 75 02' 00'         	mov	?a_main+2,#high(0+u19)
    25  0006' 75 03' 00'         	mov	?a_main+2+1,#low(0+u19)
    26                           ;	var   _str2 assigned to ?a_main+4
    27                           ;main.c: 6: unsigned char *str2="2nd line";
    28                           
    29                           	line	6
    30  0009' 75 04' 00'         	mov	?a_main+4,#high(0+u29)
    31  000C' 75 05' 00'         	mov	?a_main+4+1,#low(0+u29)
    32                           ;main.c: 7: P0 = 0x38;
    33                           
    34                           	line	7
    35  000F' 75 80 38           	mov	080h,#56
    36                           ;main.c: 8: P2 = 0x1;
    37                           
    38                           	line	8
    39  0012' 75 A0 01           	mov	0A0h,#1
    40                           ;main.c: 9: P2 = 0x0;
    41                           
    42                           	line	9
    43  0015' 75 A0 00           	mov	0A0h,#0
    44                           ;main.c: 10: P0 = 0x80;
    45                           
    46                           	line	10
    47  0018' 75 80 80           	mov	080h,#128
    48                           ;main.c: 11: P2 = 0x1;
    49                           
    50                           	line	11
    51  001B' 75 A0 01           	mov	0A0h,#1
    52                           ;main.c: 12: P2 = 0x0;
    53                           
    54                           	line	12
    55  001E' 75 A0 00           	mov	0A0h,#0
    56                           ;main.c: 13: for(i=0;i<6;i++)
    57                           
    58                           	line	13
    59  0021' E4                 	clr	a
    60  0022' F5 00'             	mov	?a_main+0,a
    61  0024' F5 01'             	mov	?a_main+0+1,a
    62  0026' E5 01'             	mov	a,?a_main+0+1
    63  0028' 24 FA              	add	a,#low -(6)
    64  002A' E5 00'             	mov	a,?a_main+0
    65  002C' 34 FF              	addc	a,#high -(6)
    66  002E' 50 02              	bnc	u11
    67  0030' 80 02              	jmp	u10
    68  0032'                    u11:
    69  0032' 80 02              	jmp	l3
    70  0034'                    u10:
    71  0034' 80 2D              	jmp	l4
    72                           	line	14
    73  0036'                    l3:
    74                           ;main.c: 14: {
    75                           
    76                           ;main.c: 15: P0 = str[i];
    77                           
    78                           	line	15
    79  0036' E5 01'             	mov	a,?a_main+0+1
    80  0038' 25 03'             	add	a,?a_main+2+1
    81  003A' F5 82              	mov	dpl,a
    82  003C' E5 00'             	mov	a,?a_main+0
    83  003E' 35 02'             	addc	a,?a_main+2
    84  0040' F5 83              	mov	dph,a
    85                           	global	ldc_byte
    86  0042' 12 0000'           	call	ldc_byte
    87  0045' F5 80              	mov	080h,a
    88                           ;main.c: 16: P2 = 0x3;
    89                           
    90                           	line	16
    91  0047' 75 A0 03           	mov	0A0h,#3
    92                           ;main.c: 17: P2 = 0x2;
    93                           
    94                           	line	17
    95  004A' 75 A0 02           	mov	0A0h,#2
    96                           	line	13
    97  004D' 05 01'             	inc	?a_main+0+1
    98  004F' E5 01'             	mov	a,?a_main+0+1
    99  0051' 70 02              	jnz	u20
   100  0053' 05 00'             	inc	?a_main+0
   101  0055'                    u20:
   102  0055' E5 01'             	mov	a,?a_main+0+1
   103  0057' 24 FA              	add	a,#low -(6)
   104  0059' E5 00'             	mov	a,?a_main+0
   105  005B' 34 FF              	addc	a,#high -(6)
   106  005D' 50 02              	bnc	u31
   107  005F' 80 02              	jmp	u30
   108  0061'                    u31:
   109  0061' 80 D3              	jmp	l3
   110  0063'                    u30:
   111  0063'                    l4:
   112                           ;main.c: 18: }
   113                           
   114                           ;main.c: 19: P0 = 0xC0;
   115                           
   116                           	line	19
   117  0063' 75 80 C0           	mov	080h,#192
   118                           ;main.c: 20: P2 = 0x1;
   119                           
   120                           	line	20
   121  0066' 75 A0 01           	mov	0A0h,#1
   122                           ;main.c: 21: P2 = 0x0;
   123                           
   124                           	line	21
   125  0069' 75 A0 00           	mov	0A0h,#0
   126                           ;main.c: 22: for(i=0;i<8;i++)
   127                           
   128                           	line	22
   129  006C' E4                 	clr	a
   130  006D' F5 00'             	mov	?a_main+0,a
   131  006F' F5 01'             	mov	?a_main+0+1,a
   132  0071' E5 01'             	mov	a,?a_main+0+1
   133  0073' 24 F8              	add	a,#low -(8)
   134  0075' E5 00'             	mov	a,?a_main+0
   135  0077' 34 FF              	addc	a,#high -(8)
   136  0079' 50 02              	bnc	u41
   137  007B' 80 02              	jmp	u40
   138  007D'                    u41:
   139  007D' 80 02              	jmp	l6
   140  007F'                    u40:
   141  007F' 80 2D              	jmp	l7
   142                           	line	23
   143  0081'                    l6:
   144                           ;main.c: 23: {
   145                           
   146                           ;main.c: 24: P0 = str2[i];
   147                           
   148                           	line	24
   149  0081' E5 01'             	mov	a,?a_main+0+1
   150  0083' 25 05'             	add	a,?a_main+4+1
   151  0085' F5 82              	mov	dpl,a
   152  0087' E5 00'             	mov	a,?a_main+0
   153  0089' 35 04'             	addc	a,?a_main+4
   154  008B' F5 83              	mov	dph,a
   155                           	global	ldc_byte
   156  008D' 12 0000'           	call	ldc_byte
   157  0090' F5 80              	mov	080h,a
   158                           ;main.c: 25: P2 = 0x3;
   159                           
   160                           	line	25
   161  0092' 75 A0 03           	mov	0A0h,#3
   162                           ;main.c: 26: P2 = 0x2;
   163                           
   164                           	line	26
   165  0095' 75 A0 02           	mov	0A0h,#2
   166                           	line	22
   167  0098' 05 01'             	inc	?a_main+0+1
   168  009A' E5 01'             	mov	a,?a_main+0+1
   169  009C' 70 02              	jnz	u50
   170  009E' 05 00'             	inc	?a_main+0
   171  00A0'                    u50:
   172  00A0' E5 01'             	mov	a,?a_main+0+1
   173  00A2' 24 F8              	add	a,#low -(8)
   174  00A4' E5 00'             	mov	a,?a_main+0
   175  00A6' 34 FF              	addc	a,#high -(8)
   176  00A8' 50 02              	bnc	u61
   177  00AA' 80 02              	jmp	u60
   178  00AC'                    u61:
   179  00AC' 80 D3              	jmp	l6
   180  00AE'                    u60:
   181  00AE'                    l7:
   182                           ;main.c: 27: }
   183                           
   184                           ;main.c: 28: while(1);
   185                           
   186                           	line	28
   187  00AE'                    l10:
   188  00AE'                    l9:
   189  00AE' 80 FE              	jmp	l10
   190  00B0'                    l11:
   191                           ;main.c: 29: }
   192                           
   193                           	line	29
   194  00B0'                    l2:
   195  00B0' 22                 	ret
   196  00B1'                    f1411:
   197  00B1' 02 0003'           	j	f1410
   198                           	FNSIZE	_main,6,0
   199                           	global	?a_main
   200  0000                     f1412	equ	0
   201                           	psect	strings,class=CODE
   202                           	psect	strings
   203  0000'                    u29:
   204  0000' 32 6E 64 20 6C 69  	db	"2nd line",0
              6E 65 00           
   205  0009'                    u19:
   206  0009' 48 65 6C 6C 6F 21  	db	"Hello!",0
              00                 
   207  0000                     _A10	equ	162
   208  0000                     _A11	equ	163
   209  0000                     _A12	equ	164
   210  0000                     _A13	equ	165
   211  0000                     _A14	equ	166
   212  0000                     _A15	equ	167
   213  0000                     _A8	equ	160
   214  0000                     _A9	equ	161
   215  0000                     _AC	equ	214
   216  0000                     _ACC0	equ	224
   217  0000                     _ACC1	equ	225
   218  0000                     _ACC2	equ	226
   219  0000                     _ACC3	equ	227
   220  0000                     _ACC4	equ	228
   221  0000                     _ACC5	equ	229
   222  0000                     _ACC6	equ	230
   223  0000                     _ACC7	equ	231
   224  0000                     _AD0	equ	128
   225  0000                     _AD1	equ	129
   226  0000                     _AD2	equ	130
   227  0000                     _AD3	equ	131
   228  0000                     _AD4	equ	132
   229  0000                     _AD5	equ	133
   230  0000                     _AD6	equ	134
   231  0000                     _AD7	equ	135
   232  0000                     _B0	equ	240
   233  0000                     _B1	equ	241
   234  0000                     _B2	equ	242
   235  0000                     _B3	equ	243
   236  0000                     _B4	equ	244
   237  0000                     _B5	equ	245
   238  0000                     _B6	equ	246
   239  0000                     _B7	equ	247
   240  0000                     _CY	equ	215
   241  0000                     _EA	equ	175
   242  0000                     _ES	equ	172
   243  0000                     _ET0	equ	169
   244  0000                     _ET1	equ	171
   245  0000                     _EX0	equ	168
   246  0000                     _EX1	equ	170
   247  0000                     _F0	equ	213
   248  0000                     _IE0	equ	137
   249  0000                     _IE1	equ	139
   250  0000                     _INT0	equ	178
   251  0000                     _INT1	equ	179
   252  0000                     _IT0	equ	136
   253  0000                     _IT1	equ	138
   254  0000                     _OV	equ	210
   255  0000                     _P	equ	208
   256  0000                     _P00	equ	128
   257  0000                     _P01	equ	129
   258  0000                     _P02	equ	130
   259  0000                     _P03	equ	131
   260  0000                     _P04	equ	132
   261  0000                     _P05	equ	133
   262  0000                     _P06	equ	134
   263  0000                     _P07	equ	135
   264  0000                     _P10	equ	144
   265  0000                     _P11	equ	145
   266  0000                     _P12	equ	146
   267  0000                     _P13	equ	147
   268  0000                     _P14	equ	148
   269  0000                     _P15	equ	149
   270  0000                     _P16	equ	150
   271  0000                     _P17	equ	151
   272  0000                     _P20	equ	160
   273  0000                     _P21	equ	161
   274  0000                     _P22	equ	162
   275  0000                     _P23	equ	163
   276  0000                     _P24	equ	164
   277  0000                     _P25	equ	165
   278  0000                     _P26	equ	166
   279  0000                     _P27	equ	167
   280  0000                     _P30	equ	176
   281  0000                     _P31	equ	177
   282  0000                     _P32	equ	178
   283  0000                     _P33	equ	179
   284  0000                     _P34	equ	180
   285  0000                     _P35	equ	181
   286  0000                     _P36	equ	182
   287  0000                     _P37	equ	183
   288  0000                     _PS	equ	188
   289  0000                     _PT0	equ	185
   290  0000                     _PT1	equ	187
   291  0000                     _PX0	equ	184
   292  0000                     _PX1	equ	186
   293  0000                     _RB8	equ	154
   294  0000                     _RD	equ	183
   295  0000                     _REN	equ	156
   296  0000                     _RI	equ	152
   297  0000                     _RS0	equ	211
   298  0000                     _RS1	equ	212
   299  0000                     _RXD	equ	176
   300  0000                     _SM0	equ	159
   301  0000                     _SM1	equ	158
   302  0000                     _SM2	equ	157
   303  0000                     _T0	equ	180
   304  0000                     _T1	equ	181
   305  0000                     _TB8	equ	155
   306  0000                     _TF0	equ	141
   307  0000                     _TF1	equ	143
   308  0000                     _TI	equ	153
   309  0000                     _TR0	equ	140
   310  0000                     _TR1	equ	142
   311  0000                     _TXD	equ	177
   312  0000                     _WR	equ	182
   313  0000                     _ACC	equ	224
   314  0000                     _B	equ	240
   315  0000                     _DPH	equ	131
   316  0000                     _DPL	equ	130
   317  0000                     _IE	equ	168
   318  0000                     _IP	equ	184
   319  0000                     _P0	equ	128
   320  0000                     _P1	equ	144
   321  0000                     _P2	equ	160
   322  0000                     _P3	equ	176
   323  0000                     _PCON	equ	135
   324  0000                     _PSW	equ	208
   325  0000                     _SBUF	equ	153
   326  0000                     _SCON	equ	152
   327  0000                     _SP	equ	129
   328  0000                     _TCON	equ	136
   329  0000                     _TH0	equ	140
   330  0000                     _TH1	equ	141
   331  0000                     _TL0	equ	138
   332  0000                     _TL1	equ	139
   333  0000                     _TMOD	equ	137
   334  0000                     _ACC_BITS	equ	224
   335  0000                     _B_BITS	equ	240
   336  0000                     _IE_BITS	equ	168
   337  0000                     _IP_BITS	equ	184
   338  0000                     _P0_BITS	equ	128
   339  0000                     _P1_BITS	equ	144
   340  0000                     _P2_BITS	equ	160
   341  0000                     _P3_BITS	equ	176
   342  0000                     _PCON_BITS	equ	135
   343  0000                     _PSW_BITS	equ	208
   344  0000                     _SCON_BITS	equ	152
   345  0000                     _TCON_BITS	equ	136
   346  0000                     _TMOD_BITS	equ	137


HI-TECH Software 8051 Macro Assembler V9.60                                Page 2
Symbol Table                                           Wed Apr 27 18:30:27 2022

       ?a_main 00000*             _B 000F0              l2 000B0  
            l3 00036              l4 00063              _P 000D0  
            l6 00081              l7 000AE              l9 000AE  
           _B0 000F0             _B1 000F1             _B2 000F2  
           _B3 000F3             _B4 000F4             _B5 000F5  
           _B6 000F6             _A8 000A0             _B7 000F7  
           _A9 000A1             _F0 000D5             _AC 000D6  
           l10 000AE             l11 000B0             _EA 000AF  
           _P0 00080             _P1 00090             _P2 000A0  
           _P3 000B0             _IE 000A8             _T0 000B4  
           _T1 000B5             _ES 000AC             _CY 000D7  
           _IP 000B8             _RD 000B7             u10 00034  
           u11 00032             u20 00055             _RI 00098  
           u30 00063             u31 00061             u40 0007F  
           _TI 00099             u41 0007D             u50 000A0  
           _PS 000BC             u19 00009             _OV 000D2  
           u60 000AE             u61 000AC             u29 00000  
           _SP 00081             _WR 000B6         _B_BITS 000F0  
          _A10 000A2            _A11 000A3            _A12 000A4  
          _A13 000A5            _A14 000A6            _A15 000A7  
          _AD0 00080            _AD1 00081            _AD2 00082  
          _AD3 00083            _AD4 00084            _AD5 00085  
          _AD6 00086            _AD7 00087            _ACC 000E0  
          _P00 00080            _P01 00081            _P10 00090  
          _P02 00082            _P11 00091            _P03 00083  
          _P20 000A0            _P12 00092            _P04 00084  
          _P21 000A1            _P13 00093            _P05 00085  
          _P30 000B0            _P22 000A2            _P14 00094  
          _P06 00086            _P31 000B1            _P23 000A3  
          _P15 00095            _P07 00087            _P32 000B2  
          _P24 000A4            _P16 00096            _P33 000B3  
          _P25 000A5            _P17 00097            _P34 000B4  
          _P26 000A6            _P35 000B5            _P27 000A7  
          _P36 000B6            _P37 000B7            _IE0 00089  
          _IE1 0008B            _ET0 000A9            _ET1 000AB  
          _EX0 000A8            _EX1 000AA            _DPH 00083  
          _DPL 00082            _IT0 00088            _IT1 0008A  
          _RB8 0009A            _TF0 0008D            _TB8 0009B  
          _TF1 0008F            _TH0 0008C            _TH1 0008D  
          _SM0 0009F            _SM1 0009E            _TL0 0008A  
          _SM2 0009D            _PT0 000B9            _TL1 0008B  
          _PT1 000BB            _RS0 000D3            _RS1 000D4  
          _REN 0009C            _PX0 000B8            _PX1 000BA  
          _TR0 0008C            _TR1 0008E            _RXD 000B0  
          _PSW 000D0            _TXD 000B1        _P0_BITS 00080  
      _P1_BITS 00090        _P2_BITS 000A0        _P3_BITS 000B0  
      _IE_BITS 000A8       _ACC_BITS 000E0        _IP_BITS 000B8  
         f1410 00003           f1411 000B1           f1412 00000  
         _ACC0 000E0           _ACC1 000E1           _ACC2 000E2  
         _ACC3 000E3           _ACC4 000E4           _ACC5 000E5  
         _ACC6 000E6           _ACC7 000E7  stack_internal 00000* 
         _INT0 000B2           _INT1 000B3           _PCON 00087  
         _SCON 00098           _SBUF 00099           _TCON 00088  
         _TMOD 00089           _main 00000       _PSW_BITS 000D0  
      ldc_byte 00000*     _PCON_BITS 00087      _SCON_BITS 00098  
    _TCON_BITS 00088      _TMOD_BITS 00089  
